{"/Users/martijnwip/Documents/techlab/react/unit_test/todos/src/components/Todo.js": {"path":"/Users/martijnwip/Documents/techlab/react/unit_test/todos/src/components/Todo.js","statementMap":{"0":{"start":{"line":4,"column":13},"end":{"line":13,"column":1}},"1":{"start":{"line":5,"column":2},"end":{"line":12,"column":7}},"2":{"start":{"line":15,"column":0},"end":{"line":19,"column":1}}},"fnMap":{"0":{"name":"(anonymous_0)","decl":{"start":{"line":4,"column":13},"end":{"line":4,"column":14}},"loc":{"start":{"line":5,"column":2},"end":{"line":12,"column":7}},"line":5}},"branchMap":{"0":{"loc":{"start":{"line":8,"column":22},"end":{"line":8,"column":57}},"type":"cond-expr","locations":[{"start":{"line":8,"column":34},"end":{"line":8,"column":48}},{"start":{"line":8,"column":51},"end":{"line":8,"column":57}}],"line":8}},"s":{"0":1,"1":7,"2":1},"f":{"0":7},"b":{"0":[1,6]},"_coverageSchema":"1a1c01bbd47fc00a2c39e90264f33305004495a9","hash":"3af85dbe961b8040473cb6dccda9e9966402faf8"}
}
